Using pre-set license
Built from '2020.3/staging' branch; Version is '2020.3.0f1 (c7b5465681fb) revision 13088070'; Using compiler version '192528614'; Build Type 'Release'
OS: 'Windows 10 Home; OS build 19041.867; Version 2004; 64bit' Language: 'en' Physical Memory: 16256 MB
BatchMode: 1, IsHumanControllingUs: 0, StartBugReporterOnCrash: 0, Is64bit: 1, IsPro: 0

 COMMAND LINE ARGUMENTS:
C:\Program Files\Unity\2020.3.0f1\Editor\Unity.exe
-adb2
-batchMode
-noUpm
-name
AssetImportWorker0
-projectPath
C:/Users/nikol/Desktop/Projects/FPS_Manager/Game/Major Tactics FPS Manager
-logFile
Logs/AssetImportWorker0.log
-srvPort
56998
Successfully changed project path to: C:/Users/nikol/Desktop/Projects/FPS_Manager/Game/Major Tactics FPS Manager
C:/Users/nikol/Desktop/Projects/FPS_Manager/Game/Major Tactics FPS Manager
Using Asset Import Pipeline V2.
Refreshing native plugins compatible for Editor in 52.88 ms, found 1 plugins.
Preloading 0 native plugins for Editor in 0.00 ms.
Initialize engine version: 2020.3.0f1 (c7b5465681fb)
[Subsystems] Discovering subsystems at path C:/Program Files/Unity/2020.3.0f1/Editor/Data/Resources/UnitySubsystems
[Subsystems] Discovering subsystems at path C:/Users/nikol/Desktop/Projects/FPS_Manager/Game/Major Tactics FPS Manager/Assets
GfxDevice: creating device client; threaded=0
Direct3D:
    Version:  Direct3D 11.0 [level 11.1]
    Renderer: Intel(R) HD Graphics 620 (ID=0x5916)
    Vendor:   
    VRAM:     8128 MB
    Driver:   23.20.16.4973
Initialize mono
Mono path[0] = 'C:/Program Files/Unity/2020.3.0f1/Editor/Data/Managed'
Mono path[1] = 'C:/Program Files/Unity/2020.3.0f1/Editor/Data/MonoBleedingEdge/lib/mono/unityjit'
Mono config path = 'C:/Program Files/Unity/2020.3.0f1/Editor/Data/MonoBleedingEdge/etc'
Using monoOptions --debugger-agent=transport=dt_socket,embedding=1,server=y,suspend=n,address=127.0.0.1:56000
Begin MonoManager ReloadAssembly
Registering precompiled unity dll's ...
Register platform support module: C:/Program Files/Unity/2020.3.0f1/Editor/Data/PlaybackEngines/WindowsStandaloneSupport/UnityEditor.WindowsStandalone.Extensions.dll
Registered in 0.002886 seconds.
Native extension for WindowsStandalone target not found
Refreshing native plugins compatible for Editor in 268.59 ms, found 1 plugins.
Preloading 0 native plugins for Editor in 0.00 ms.
Invoked RoslynAnalysisRunner static constructor.
RoslynAnalysisRunner will not be running.
RoslynAnalysisRunner has terminated.
Mono: successfully reloaded assembly
- Completed reload, in  2.984 seconds
Platform modules already initialized, skipping
Registering precompiled user dll's ...
Registered in 0.001251 seconds.
Begin MonoManager ReloadAssembly
Native extension for WindowsStandalone target not found
Refreshing native plugins compatible for Editor in 58.58 ms, found 1 plugins.
Preloading 0 native plugins for Editor in 0.00 ms.
Invoked RoslynAnalysisRunner static constructor.
RoslynAnalysisRunner will not be running.
RoslynAnalysisRunner has terminated.
Mono: successfully reloaded assembly
- Completed reload, in  1.508 seconds
Platform modules already initialized, skipping
========================================================================
Worker process is ready to serve import requests
Launched and connected shader compiler UnityShaderCompiler.exe after 0.06 seconds
Refreshing native plugins compatible for Editor in 0.39 ms, found 1 plugins.
Preloading 0 native plugins for Editor in 0.00 ms.
Unloading 1824 Unused Serialized files (Serialized files now loaded: 0)
System memory in use before: 87.2 MB.
System memory in use after: 87.2 MB.

Unloading 24 unused Assets to reduce memory usage. Loaded Objects now: 2267.
Total: 2.612400 ms (FindLiveObjects: 0.271900 ms CreateObjectMapping: 0.116400 ms MarkObjects: 2.076000 ms  DeleteObjects: 0.146500 ms)

========================================================================
Received Import Request.
  path: Assets/Scripts/Managers/MainMenuManager.cs
  artifactKey: Guid(9218e0fefb870f44da20cf45bdd7d2ca) Importer(815301076,1909f56bfc062723c751e8b465ee728b)
Start importing Assets/Scripts/Managers/MainMenuManager.cs using Guid(9218e0fefb870f44da20cf45bdd7d2ca) Importer(815301076,1909f56bfc062723c751e8b465ee728b)  -> (artifact id: '1bc4b222e5dbb0b053e222d693d09d56') in 0.106518 seconds
  Import took 0.111494 seconds .

========================================================================
Received Prepare
Registering precompiled user dll's ...
Registered in 0.001802 seconds.
Begin MonoManager ReloadAssembly
Native extension for WindowsStandalone target not found
Refreshing native plugins compatible for Editor in 1.32 ms, found 1 plugins.
Preloading 0 native plugins for Editor in 0.00 ms.
Invoked RoslynAnalysisRunner static constructor.
RoslynAnalysisRunner will not be running.
RoslynAnalysisRunner has terminated.
Mono: successfully reloaded assembly
- Completed reload, in  1.615 seconds
Platform modules already initialized, skipping
Refreshing native plugins compatible for Editor in 0.60 ms, found 1 plugins.
Preloading 0 native plugins for Editor in 0.00 ms.
Unloading 1806 Unused Serialized files (Serialized files now loaded: 0)
System memory in use before: 86.1 MB.
System memory in use after: 86.1 MB.

Unloading 12 unused Assets to reduce memory usage. Loaded Objects now: 2271.
Total: 2.613700 ms (FindLiveObjects: 0.306900 ms CreateObjectMapping: 0.154300 ms MarkObjects: 2.023700 ms  DeleteObjects: 0.127000 ms)

========================================================================
Received Prepare
Registering precompiled user dll's ...
Registered in 0.001773 seconds.
Begin MonoManager ReloadAssembly
Native extension for WindowsStandalone target not found
Refreshing native plugins compatible for Editor in 0.43 ms, found 1 plugins.
Preloading 0 native plugins for Editor in 0.00 ms.
Invoked RoslynAnalysisRunner static constructor.
RoslynAnalysisRunner will not be running.
RoslynAnalysisRunner has terminated.
Mono: successfully reloaded assembly
- Completed reload, in  1.517 seconds
Platform modules already initialized, skipping
Refreshing native plugins compatible for Editor in 0.38 ms, found 1 plugins.
Preloading 0 native plugins for Editor in 0.00 ms.
Unloading 1806 Unused Serialized files (Serialized files now loaded: 0)
System memory in use before: 86.2 MB.
System memory in use after: 86.2 MB.

Unloading 12 unused Assets to reduce memory usage. Loaded Objects now: 2275.
Total: 2.562300 ms (FindLiveObjects: 0.242000 ms CreateObjectMapping: 0.088400 ms MarkObjects: 2.104000 ms  DeleteObjects: 0.125600 ms)

========================================================================
Received Import Request.
  Time since last request: 1106.027091 seconds.
  path: Assets/Images/cash_icon.png
  artifactKey: Guid(f9dc25249bce4d8428567fc5eaede01a) Importer(815301076,1909f56bfc062723c751e8b465ee728b)
Start importing Assets/Images/cash_icon.png using Guid(f9dc25249bce4d8428567fc5eaede01a) Importer(815301076,1909f56bfc062723c751e8b465ee728b)  -> (artifact id: '8c49c0a9ca2c01129563c44e3a2a2417') in 0.271574 seconds
  Import took 0.278224 seconds .

========================================================================
Received Import Request.
  Time since last request: 0.000330 seconds.
  path: Assets/Images/team_logo.png
  artifactKey: Guid(2bdce0f042799a14ca1adc325c57f07b) Importer(815301076,1909f56bfc062723c751e8b465ee728b)
Start importing Assets/Images/team_logo.png using Guid(2bdce0f042799a14ca1adc325c57f07b) Importer(815301076,1909f56bfc062723c751e8b465ee728b)  -> (artifact id: '2d3577e87e561b6c2fca5f4d04973db5') in 0.077861 seconds
  Import took 0.082461 seconds .

========================================================================
Received Import Request.
  Time since last request: 0.000250 seconds.
  path: Assets/Images/fans_icon.png
  artifactKey: Guid(e45fc8fee4730fc4fb6584e484e594cd) Importer(815301076,1909f56bfc062723c751e8b465ee728b)
Start importing Assets/Images/fans_icon.png using Guid(e45fc8fee4730fc4fb6584e484e594cd) Importer(815301076,1909f56bfc062723c751e8b465ee728b)  -> (artifact id: 'c407efa29bf8507f7aca19e851e29f95') in 0.079331 seconds
  Import took 0.083725 seconds .

========================================================================
Received Import Request.
  Time since last request: 0.000256 seconds.
  path: Assets/Images/SplashScreen_v0.png
  artifactKey: Guid(6ace7045b1fe79a41bde9e8b839a6fe2) Importer(815301076,1909f56bfc062723c751e8b465ee728b)
Start importing Assets/Images/SplashScreen_v0.png using Guid(6ace7045b1fe79a41bde9e8b839a6fe2) Importer(815301076,1909f56bfc062723c751e8b465ee728b)  -> (artifact id: 'edb6f8b153bd0bea5cb6f608156c7344') in 0.084967 seconds
  Import took 0.089158 seconds .

========================================================================
Received Import Request.
  Time since last request: 0.000239 seconds.
  path: Assets/Images/token_icon.png
  artifactKey: Guid(01649dbc527474a458103c807fc5e3b1) Importer(815301076,1909f56bfc062723c751e8b465ee728b)
Start importing Assets/Images/token_icon.png using Guid(01649dbc527474a458103c807fc5e3b1) Importer(815301076,1909f56bfc062723c751e8b465ee728b)  -> (artifact id: 'e214ebd51a1df55bcfa60a3b008e6ead') in 0.070846 seconds
  Import took 0.074648 seconds .

========================================================================
Received Import Request.
  Time since last request: 0.000620 seconds.
  path: Assets/Images/token_icon.png
  artifactKey: Guid(01649dbc527474a458103c807fc5e3b1) Importer(815301076,1909f56bfc062723c751e8b465ee728b)
Start importing Assets/Images/token_icon.png using Guid(01649dbc527474a458103c807fc5e3b1) Importer(815301076,1909f56bfc062723c751e8b465ee728b)  -> (artifact id: 'e214ebd51a1df55bcfa60a3b008e6ead') in 0.068267 seconds
  Import took 0.073394 seconds .

========================================================================
Received Import Request.
  Time since last request: 13.951892 seconds.
  path: Assets/Images/Flags
  artifactKey: Guid(b895b41c1e781d54eb4d02506cd88912) Importer(815301076,1909f56bfc062723c751e8b465ee728b)
Start importing Assets/Images/Flags using Guid(b895b41c1e781d54eb4d02506cd88912) Importer(815301076,1909f56bfc062723c751e8b465ee728b)  -> (artifact id: 'e03556e883d6bae6d2403ded0f563433') in 0.034578 seconds
  Import took 0.037889 seconds .

========================================================================
Received Import Request.
  Time since last request: 0.015884 seconds.
  path: Assets/Images/Flags/serbian_flag.png
  artifactKey: Guid(961d90738ee290c49b7e0ee0852aef35) Importer(815301076,1909f56bfc062723c751e8b465ee728b)
Start importing Assets/Images/Flags/serbian_flag.png using Guid(961d90738ee290c49b7e0ee0852aef35) Importer(815301076,1909f56bfc062723c751e8b465ee728b)  -> (artifact id: '1a066976eea87f1315ed2bd3771f4cd9') in 0.050389 seconds
  Import took 0.054563 seconds .

========================================================================
Received Import Request.
  Time since last request: 217.416278 seconds.
  path: Assets/New Folder
  artifactKey: Guid(52a822df6e05fa54fb9f0811330f4e9a) Importer(815301076,1909f56bfc062723c751e8b465ee728b)
Start importing Assets/New Folder using Guid(52a822df6e05fa54fb9f0811330f4e9a) Importer(815301076,1909f56bfc062723c751e8b465ee728b)  -> (artifact id: '356f079126ae99b85c1baeec88deed11') in 0.063772 seconds
  Import took 0.070588 seconds .

========================================================================
Received Import Request.
  Time since last request: 3.146231 seconds.
  path: Assets/PlayerListObj.prefab
  artifactKey: Guid(9b1cb8363a9cf364e8ec8eb75c0b0836) Importer(815301076,1909f56bfc062723c751e8b465ee728b)
Start importing Assets/PlayerListObj.prefab using Guid(9b1cb8363a9cf364e8ec8eb75c0b0836) Importer(815301076,1909f56bfc062723c751e8b465ee728b)  -> (artifact id: '14d0d97ddcd836ecf738d01ff8c08234') in 0.173058 seconds
  Import took 0.178774 seconds .

========================================================================
Received Import Request.
  Time since last request: 11.813664 seconds.
  path: Assets/Prefabs
  artifactKey: Guid(52a822df6e05fa54fb9f0811330f4e9a) Importer(815301076,1909f56bfc062723c751e8b465ee728b)
Start importing Assets/Prefabs using Guid(52a822df6e05fa54fb9f0811330f4e9a) Importer(815301076,1909f56bfc062723c751e8b465ee728b)  -> (artifact id: '30833d685304fe1cf21c093f9253e6f0') in 0.032294 seconds
  Import took 0.036550 seconds .

========================================================================
Received Import Request.
  Time since last request: 73.145470 seconds.
  path: Assets/Prefabs/PlayerListObj.prefab
  artifactKey: Guid(9b1cb8363a9cf364e8ec8eb75c0b0836) Importer(815301076,1909f56bfc062723c751e8b465ee728b)
Start importing Assets/Prefabs/PlayerListObj.prefab using Guid(9b1cb8363a9cf364e8ec8eb75c0b0836) Importer(815301076,1909f56bfc062723c751e8b465ee728b)  -> (artifact id: '0f19390b217f65771511c72b3b507855') in 0.119027 seconds
  Import took 0.134191 seconds .

========================================================================
Received Import Request.
  Time since last request: 1.966784 seconds.
  path: Assets/Prefabs/PlayerListObj.prefab
  artifactKey: Guid(9b1cb8363a9cf364e8ec8eb75c0b0836) Importer(815301076,1909f56bfc062723c751e8b465ee728b)
Start importing Assets/Prefabs/PlayerListObj.prefab using Guid(9b1cb8363a9cf364e8ec8eb75c0b0836) Importer(815301076,1909f56bfc062723c751e8b465ee728b)  -> (artifact id: '54bddf930c347b2b185dbfc6dbdc833b') in 0.087226 seconds
  Import took 0.093910 seconds .

========================================================================
Received Import Request.
  Time since last request: 63.820439 seconds.
  path: Assets/Prefabs/PlayerListObj.prefab
  artifactKey: Guid(9b1cb8363a9cf364e8ec8eb75c0b0836) Importer(815301076,1909f56bfc062723c751e8b465ee728b)
Start importing Assets/Prefabs/PlayerListObj.prefab using Guid(9b1cb8363a9cf364e8ec8eb75c0b0836) Importer(815301076,1909f56bfc062723c751e8b465ee728b)  -> (artifact id: '5ffaa9727a23440d7a34cb1719c5c189') in 0.086676 seconds
  Import took 0.092449 seconds .

========================================================================
Received Prepare
Registering precompiled user dll's ...
Registered in 0.001421 seconds.
Begin MonoManager ReloadAssembly
Native extension for WindowsStandalone target not found
Refreshing native plugins compatible for Editor in 0.77 ms, found 1 plugins.
Preloading 0 native plugins for Editor in 0.00 ms.
Invoked RoslynAnalysisRunner static constructor.
RoslynAnalysisRunner will not be running.
RoslynAnalysisRunner has terminated.
Mono: successfully reloaded assembly
- Completed reload, in  1.532 seconds
Platform modules already initialized, skipping
Refreshing native plugins compatible for Editor in 0.45 ms, found 1 plugins.
Preloading 0 native plugins for Editor in 0.00 ms.
Unloading 1806 Unused Serialized files (Serialized files now loaded: 0)
System memory in use before: 89.3 MB.
System memory in use after: 89.3 MB.

Unloading 12 unused Assets to reduce memory usage. Loaded Objects now: 2295.
Total: 2.707300 ms (FindLiveObjects: 0.246200 ms CreateObjectMapping: 0.101200 ms MarkObjects: 2.201500 ms  DeleteObjects: 0.156000 ms)

========================================================================
Received Import Request.
  Time since last request: 254.860223 seconds.
  path: Assets/Prefabs/PlayerListObj.prefab
  artifactKey: Guid(9b1cb8363a9cf364e8ec8eb75c0b0836) Importer(815301076,1909f56bfc062723c751e8b465ee728b)
Start importing Assets/Prefabs/PlayerListObj.prefab using Guid(9b1cb8363a9cf364e8ec8eb75c0b0836) Importer(815301076,1909f56bfc062723c751e8b465ee728b)  -> (artifact id: '097a61f52b11f1d5d99c255aef58ed63') in 0.127429 seconds
  Import took 0.130995 seconds .

========================================================================
Received Prepare
Registering precompiled user dll's ...
Registered in 0.002069 seconds.
Begin MonoManager ReloadAssembly
Native extension for WindowsStandalone target not found
Refreshing native plugins compatible for Editor in 0.74 ms, found 1 plugins.
Preloading 0 native plugins for Editor in 0.00 ms.
Invoked RoslynAnalysisRunner static constructor.
RoslynAnalysisRunner will not be running.
RoslynAnalysisRunner has terminated.
Mono: successfully reloaded assembly
- Completed reload, in  1.487 seconds
Platform modules already initialized, skipping
Refreshing native plugins compatible for Editor in 0.54 ms, found 1 plugins.
Preloading 0 native plugins for Editor in 0.00 ms.
Unloading 1806 Unused Serialized files (Serialized files now loaded: 0)
System memory in use before: 89.3 MB.
System memory in use after: 89.3 MB.

Unloading 12 unused Assets to reduce memory usage. Loaded Objects now: 2299.
Total: 2.642100 ms (FindLiveObjects: 0.304800 ms CreateObjectMapping: 0.122900 ms MarkObjects: 2.087000 ms  DeleteObjects: 0.125700 ms)

========================================================================
Received Import Request.
  Time since last request: 42.301014 seconds.
  path: Assets/Prefabs/PlayerListObj.prefab
  artifactKey: Guid(9b1cb8363a9cf364e8ec8eb75c0b0836) Importer(815301076,1909f56bfc062723c751e8b465ee728b)
Start importing Assets/Prefabs/PlayerListObj.prefab using Guid(9b1cb8363a9cf364e8ec8eb75c0b0836) Importer(815301076,1909f56bfc062723c751e8b465ee728b)  -> (artifact id: 'a2c6dec038cd231dcd3957f9bde8c0ec') in 0.170044 seconds
  Import took 0.175933 seconds .

========================================================================
Received Import Request.
  Time since last request: 0.259138 seconds.
  path: Assets/Prefabs/PlayerListObj.prefab
  artifactKey: Guid(9b1cb8363a9cf364e8ec8eb75c0b0836) Importer(815301076,1909f56bfc062723c751e8b465ee728b)
Start importing Assets/Prefabs/PlayerListObj.prefab using Guid(9b1cb8363a9cf364e8ec8eb75c0b0836) Importer(815301076,1909f56bfc062723c751e8b465ee728b)  -> (artifact id: 'a2c6dec038cd231dcd3957f9bde8c0ec') in 0.108904 seconds
  Import took 0.115982 seconds .

========================================================================
Received Prepare
Registering precompiled user dll's ...
Registered in 0.001167 seconds.
Begin MonoManager ReloadAssembly
Native extension for WindowsStandalone target not found
Refreshing native plugins compatible for Editor in 0.82 ms, found 1 plugins.
Preloading 0 native plugins for Editor in 0.00 ms.
Invoked RoslynAnalysisRunner static constructor.
RoslynAnalysisRunner will not be running.
RoslynAnalysisRunner has terminated.
Mono: successfully reloaded assembly
- Completed reload, in  1.514 seconds
Platform modules already initialized, skipping
Refreshing native plugins compatible for Editor in 0.42 ms, found 1 plugins.
Preloading 0 native plugins for Editor in 0.00 ms.
Unloading 1806 Unused Serialized files (Serialized files now loaded: 0)
System memory in use before: 89.3 MB.
System memory in use after: 89.3 MB.

Unloading 12 unused Assets to reduce memory usage. Loaded Objects now: 2303.
Total: 3.438600 ms (FindLiveObjects: 0.366700 ms CreateObjectMapping: 0.145400 ms MarkObjects: 2.696700 ms  DeleteObjects: 0.227900 ms)

========================================================================
Received Prepare
Registering precompiled user dll's ...
Registered in 0.001682 seconds.
Begin MonoManager ReloadAssembly
Native extension for WindowsStandalone target not found
Refreshing native plugins compatible for Editor in 0.40 ms, found 1 plugins.
Preloading 0 native plugins for Editor in 0.00 ms.
Invoked RoslynAnalysisRunner static constructor.
RoslynAnalysisRunner will not be running.
RoslynAnalysisRunner has terminated.
Mono: successfully reloaded assembly
- Completed reload, in  1.702 seconds
Platform modules already initialized, skipping
Refreshing native plugins compatible for Editor in 0.39 ms, found 1 plugins.
Preloading 0 native plugins for Editor in 0.00 ms.
Unloading 1806 Unused Serialized files (Serialized files now loaded: 0)
System memory in use before: 89.4 MB.
System memory in use after: 89.3 MB.

Unloading 12 unused Assets to reduce memory usage. Loaded Objects now: 2307.
Total: 2.989900 ms (FindLiveObjects: 0.264900 ms CreateObjectMapping: 0.101900 ms MarkObjects: 2.482500 ms  DeleteObjects: 0.138700 ms)

========================================================================
Received Prepare
Registering precompiled user dll's ...
Registered in 0.001204 seconds.
Begin MonoManager ReloadAssembly
Native extension for WindowsStandalone target not found
Refreshing native plugins compatible for Editor in 0.40 ms, found 1 plugins.
Preloading 0 native plugins for Editor in 0.00 ms.
Invoked RoslynAnalysisRunner static constructor.
RoslynAnalysisRunner will not be running.
RoslynAnalysisRunner has terminated.
Mono: successfully reloaded assembly
- Completed reload, in  1.456 seconds
Platform modules already initialized, skipping
Refreshing native plugins compatible for Editor in 0.37 ms, found 1 plugins.
Preloading 0 native plugins for Editor in 0.00 ms.
Unloading 1806 Unused Serialized files (Serialized files now loaded: 0)
System memory in use before: 89.4 MB.
System memory in use after: 89.4 MB.

Unloading 12 unused Assets to reduce memory usage. Loaded Objects now: 2311.
Total: 2.714000 ms (FindLiveObjects: 0.243200 ms CreateObjectMapping: 0.090500 ms MarkObjects: 2.250000 ms  DeleteObjects: 0.128800 ms)

AssetImportWorkerClient::OnTransportError - code=2 error=End of file
